This is pdfTeX, Version 3.14159265-2.6-1.40.16 (TeX Live 2015/Debian) (preloaded format=latex 2016.4.11)  20 MAR 2017 09:06
entering extended mode
 restricted \write18 enabled.
 %&-line parsing enabled.
**paper
(./paper.tex
LaTeX2e <2016/02/01>
Babel <3.9q> and hyphenation patterns for 3 language(s) loaded.
(./IEEEtran.cls
Document Class: IEEEtran 2007/03/05 V1.7a by Michael Shell
-- See the "IEEEtran_HOWTO" manual for usage information.
-- http://www.michaelshell.org/tex/ieeetran/
\@IEEEtrantmpdimenA=\dimen102
\@IEEEtrantmpdimenB=\dimen103
\@IEEEtrantmpcountA=\count79
\@IEEEtrantmpcountB=\count80
\@IEEEtrantmptoksA=\toks14
LaTeX Font Info:    Try loading font information for OT1+ptm on input line 366.

(/usr/share/texlive/texmf-dist/tex/latex/psnfss/ot1ptm.fd
File: ot1ptm.fd 2001/06/04 font definitions for OT1/ptm.
)
-- Using 8.5in x 11in (letter) paper.
-- Using DVI output.
\@IEEEnormalsizeunitybaselineskip=\dimen104
-- This is a 10 point document.
\CLASSINFOnormalsizebaselineskip=\dimen105
\CLASSINFOnormalsizeunitybaselineskip=\dimen106
\IEEEnormaljot=\dimen107
LaTeX Font Info:    Font shape `OT1/ptm/bx/n' in size <5> not available
(Font)              Font shape `OT1/ptm/b/n' tried instead on input line 724.
LaTeX Font Info:    Font shape `OT1/ptm/bx/it' in size <5> not available
(Font)              Font shape `OT1/ptm/b/it' tried instead on input line 724.
LaTeX Font Info:    Font shape `OT1/ptm/bx/n' in size <7> not available
(Font)              Font shape `OT1/ptm/b/n' tried instead on input line 724.
LaTeX Font Info:    Font shape `OT1/ptm/bx/it' in size <7> not available
(Font)              Font shape `OT1/ptm/b/it' tried instead on input line 724.
LaTeX Font Info:    Font shape `OT1/ptm/bx/n' in size <8> not available
(Font)              Font shape `OT1/ptm/b/n' tried instead on input line 724.
LaTeX Font Info:    Font shape `OT1/ptm/bx/it' in size <8> not available
(Font)              Font shape `OT1/ptm/b/it' tried instead on input line 724.
LaTeX Font Info:    Font shape `OT1/ptm/bx/n' in size <9> not available
(Font)              Font shape `OT1/ptm/b/n' tried instead on input line 724.
LaTeX Font Info:    Font shape `OT1/ptm/bx/it' in size <9> not available
(Font)              Font shape `OT1/ptm/b/it' tried instead on input line 724.
LaTeX Font Info:    Font shape `OT1/ptm/bx/n' in size <10> not available
(Font)              Font shape `OT1/ptm/b/n' tried instead on input line 724.
LaTeX Font Info:    Font shape `OT1/ptm/bx/it' in size <10> not available
(Font)              Font shape `OT1/ptm/b/it' tried instead on input line 724.
LaTeX Font Info:    Font shape `OT1/ptm/bx/n' in size <11> not available
(Font)              Font shape `OT1/ptm/b/n' tried instead on input line 724.
LaTeX Font Info:    Font shape `OT1/ptm/bx/it' in size <11> not available
(Font)              Font shape `OT1/ptm/b/it' tried instead on input line 724.
LaTeX Font Info:    Font shape `OT1/ptm/bx/n' in size <12> not available
(Font)              Font shape `OT1/ptm/b/n' tried instead on input line 724.
LaTeX Font Info:    Font shape `OT1/ptm/bx/it' in size <12> not available
(Font)              Font shape `OT1/ptm/b/it' tried instead on input line 724.
LaTeX Font Info:    Font shape `OT1/ptm/bx/n' in size <17> not available
(Font)              Font shape `OT1/ptm/b/n' tried instead on input line 724.
LaTeX Font Info:    Font shape `OT1/ptm/bx/it' in size <17> not available
(Font)              Font shape `OT1/ptm/b/it' tried instead on input line 724.
LaTeX Font Info:    Font shape `OT1/ptm/bx/n' in size <20> not available
(Font)              Font shape `OT1/ptm/b/n' tried instead on input line 724.
LaTeX Font Info:    Font shape `OT1/ptm/bx/it' in size <20> not available
(Font)              Font shape `OT1/ptm/b/it' tried instead on input line 724.
LaTeX Font Info:    Font shape `OT1/ptm/bx/n' in size <24> not available
(Font)              Font shape `OT1/ptm/b/n' tried instead on input line 724.
LaTeX Font Info:    Font shape `OT1/ptm/bx/it' in size <24> not available
(Font)              Font shape `OT1/ptm/b/it' tried instead on input line 724.
\IEEEilabelindentA=\dimen108
\IEEEilabelindentB=\dimen109
\IEEEilabelindent=\dimen110
\IEEEelabelindent=\dimen111
\IEEEdlabelindent=\dimen112
\IEEElabelindent=\dimen113
\IEEEiednormlabelsep=\dimen114
\IEEEiedmathlabelsep=\dimen115
\IEEEiedtopsep=\skip41
\c@section=\count81
\c@subsection=\count82
\c@subsubsection=\count83
\c@paragraph=\count84
\c@IEEEsubequation=\count85
\abovecaptionskip=\skip42
\belowcaptionskip=\skip43
\c@figure=\count86
\c@table=\count87
\@IEEEeqnnumcols=\count88
\@IEEEeqncolcnt=\count89
\@IEEEtmpitemindent=\dimen116
\c@IEEEbiography=\count90
\@IEEEtranrubishbin=\box26
) (/usr/share/texlive/texmf-dist/tex/latex/cite/cite.sty
LaTeX Info: Redefining \cite on input line 302.
LaTeX Info: Redefining \nocite on input line 332.
Package: cite 2015/02/27  v 5.5
)
(/usr/share/texlive/texmf-dist/tex/latex/graphics/graphicx.sty
Package: graphicx 2014/10/28 v1.0g Enhanced LaTeX Graphics (DPC,SPQR)

(/usr/share/texlive/texmf-dist/tex/latex/graphics/keyval.sty
Package: keyval 2014/10/28 v1.15 key=value parser (DPC)
\KV@toks@=\toks15
)
(/usr/share/texlive/texmf-dist/tex/latex/graphics/graphics.sty
Package: graphics 2016/01/03 v1.0q Standard LaTeX Graphics (DPC,SPQR)

(/usr/share/texlive/texmf-dist/tex/latex/graphics/trig.sty
Package: trig 2016/01/03 v1.10 sin cos tan (DPC)
)
(/usr/share/texlive/texmf-dist/tex/latex/latexconfig/graphics.cfg
File: graphics.cfg 2010/04/23 v1.9 graphics configuration of TeX Live
)
Package graphics Info: Driver file: dvips.def on input line 95.

(/usr/share/texlive/texmf-dist/tex/latex/graphics/dvips.def
File: dvips.def 2015/12/30 v3.0k Driver-dependent file (DPC,SPQR)
))
\Gin@req@height=\dimen117
\Gin@req@width=\dimen118
)
(/usr/share/texlive/texmf-dist/tex/latex/amsfonts/amssymb.sty
Package: amssymb 2013/01/14 v3.01 AMS font symbols

(/usr/share/texlive/texmf-dist/tex/latex/amsfonts/amsfonts.sty
Package: amsfonts 2013/01/14 v3.01 Basic AMSFonts support
\@emptytoks=\toks16
\symAMSa=\mathgroup4
\symAMSb=\mathgroup5
LaTeX Font Info:    Overwriting math alphabet `\mathfrak' in version `bold'
(Font)                  U/euf/m/n --> U/euf/b/n on input line 106.
))
(/usr/share/texlive/texmf-dist/tex/latex/amsmath/amsmath.sty
Package: amsmath 2016/03/03 v2.15a AMS math features
\@mathmargin=\skip44

For additional information on amsmath, use the `?' option.
(/usr/share/texlive/texmf-dist/tex/latex/amsmath/amstext.sty
Package: amstext 2000/06/29 v2.01 AMS text

(/usr/share/texlive/texmf-dist/tex/latex/amsmath/amsgen.sty
File: amsgen.sty 1999/11/30 v2.0 generic functions
\@emptytoks=\toks17
\ex@=\dimen119
))
(/usr/share/texlive/texmf-dist/tex/latex/amsmath/amsbsy.sty
Package: amsbsy 1999/11/29 v1.2d Bold Symbols
\pmbraise@=\dimen120
)
(/usr/share/texlive/texmf-dist/tex/latex/amsmath/amsopn.sty
Package: amsopn 1999/12/14 v2.01 operator names
)
\inf@bad=\count91
LaTeX Info: Redefining \frac on input line 199.
\uproot@=\count92
\leftroot@=\count93
LaTeX Info: Redefining \overline on input line 297.
\classnum@=\count94
\DOTSCASE@=\count95
LaTeX Info: Redefining \ldots on input line 394.
LaTeX Info: Redefining \dots on input line 397.
LaTeX Info: Redefining \cdots on input line 518.
\Mathstrutbox@=\box27
\strutbox@=\box28
\big@size=\dimen121
LaTeX Font Info:    Redeclaring font encoding OML on input line 630.
LaTeX Font Info:    Redeclaring font encoding OMS on input line 631.
\macc@depth=\count96
\c@MaxMatrixCols=\count97
\dotsspace@=\muskip10
\c@parentequation=\count98
\dspbrk@lvl=\count99
\tag@help=\toks18
\row@=\count100
\column@=\count101
\maxfields@=\count102
\andhelp@=\toks19
\eqnshift@=\dimen122
\alignsep@=\dimen123
\tagshift@=\dimen124
\tagwidth@=\dimen125
\totwidth@=\dimen126
\lineht@=\dimen127
\@envbody=\toks20
\multlinegap=\skip45
\multlinetaggap=\skip46
\mathdisplay@stack=\toks21
LaTeX Info: Redefining \[ on input line 2735.
LaTeX Info: Redefining \] on input line 2736.
)
(/usr/share/texlive/texmf-dist/tex/latex/relsize/relsize.sty
Package: relsize 2013/03/29 ver 4.1
)
(/usr/share/texlive/texmf-dist/tex/latex/algorithmicx/algpseudocode.sty
Package: algpseudocode 

(/usr/share/texlive/texmf-dist/tex/latex/base/ifthen.sty
Package: ifthen 2014/09/29 v1.1c Standard LaTeX ifthen package (DPC)
)
(/usr/share/texlive/texmf-dist/tex/latex/algorithmicx/algorithmicx.sty
Package: algorithmicx 2005/04/27 v1.2 Algorithmicx

Document Style algorithmicx 1.2 - a greatly improved `algorithmic' style
\c@ALG@line=\count103
\c@ALG@rem=\count104
\c@ALG@nested=\count105
\ALG@tlm=\skip47
\ALG@thistlm=\skip48
\c@ALG@Lnr=\count106
\c@ALG@blocknr=\count107
\c@ALG@storecount=\count108
\c@ALG@tmpcounter=\count109
\ALG@tmplength=\skip49
)
Document Style - pseudocode environments for use with the `algorithmicx' style
) (/usr/share/texlive/texmf-dist/tex/latex/tools/array.sty
Package: array 2014/10/28 v2.4c Tabular extension package (FMi)
\col@sep=\dimen128
\extrarowheight=\dimen129
\NC@list=\toks22
\extratabsurround=\skip50
\backup@length=\skip51
)
(/usr/share/texlive/texmf-dist/tex/latex/subfig/subfig.sty
Package: subfig 2005/06/28 ver: 1.3 subfig package

(/usr/share/texlive/texmf-dist/tex/latex/caption/caption3.sty
Package: caption3 2016/02/04 v1.7-139 caption3 kernel (AR)
Package caption3 Info: TeX engine: e-TeX on input line 67.
\captionmargin=\dimen130
\captionmargin@=\dimen131
\captionwidth=\dimen132
\caption@tempdima=\dimen133
\caption@indent=\dimen134
\caption@parindent=\dimen135
\caption@hangindent=\dimen136
Package caption Info: Unknown document class (or package),
(caption)             standard defaults will be used.
)
\c@KVtest=\count110
\sf@farskip=\skip52
\sf@captopadj=\dimen137
\sf@capskip=\skip53
\sf@nearskip=\skip54
\c@subfigure=\count111
\c@subfigure@save=\count112
\c@lofdepth=\count113
\c@subtable=\count114
\c@subtable@save=\count115
\c@lotdepth=\count116
\sf@top=\skip55
\sf@bottom=\skip56
)
(/usr/share/texlive/texmf-dist/tex/latex/base/fixltx2e.sty
Package: fixltx2e 2015/06/22 v2.0b fixes to LaTeX (obsolete)


Package fixltx2e Warning: fixltx2e is not required with releases after 2015
(fixltx2e)                All fixes are now in the LaTeX kernel.
(fixltx2e)                See the latexrelease package for details.

) (/usr/share/texlive/texmf-dist/tex/latex/url/url.sty
\Urlmuskip=\muskip11
Package: url 2013/09/16  ver 3.4  Verb mode for urls, etc.
) (./becs.sty
\becstectlexists=\box29
\becstempbox=\box30
LaTeX Font Info:    Try loading font information for U+msa on input line 22.

(/usr/share/texlive/texmf-dist/tex/latex/amsfonts/umsa.fd
File: umsa.fd 2013/01/14 v3.01 AMS symbols A
)
LaTeX Font Info:    Try loading font information for U+msb on input line 22.

(/usr/share/texlive/texmf-dist/tex/latex/amsfonts/umsb.fd
File: umsb.fd 2013/01/14 v3.01 AMS symbols B
)
\rulelabellength=\skip57
)
(/usr/share/texlive/texmf-dist/tex/latex/listings/listings.sty
\lst@mode=\count117
\lst@gtempboxa=\box31
\lst@token=\toks23
\lst@length=\count118
\lst@currlwidth=\dimen138
\lst@column=\count119
\lst@pos=\count120
\lst@lostspace=\dimen139
\lst@width=\dimen140
\lst@newlines=\count121
\lst@lineno=\count122
\lst@maxwidth=\dimen141

(/usr/share/texlive/texmf-dist/tex/latex/listings/lstmisc.sty
File: lstmisc.sty 2015/06/04 1.6 (Carsten Heinz)
\c@lstnumber=\count123
\lst@skipnumbers=\count124
\lst@framebox=\box32
)
(/usr/share/texlive/texmf-dist/tex/latex/listings/listings.cfg
File: listings.cfg 2015/06/04 1.6 listings configuration
))
Package: listings 2015/06/04 1.6 (Carsten Heinz)
\c@definition=\count125
\c@exampleb=\count126

(/usr/share/texlive/texmf-dist/tex/latex/graphics/color.sty
Package: color 2016/01/03 v1.1b Standard LaTeX Color (DPC)

(/usr/share/texlive/texmf-dist/tex/latex/latexconfig/color.cfg
File: color.cfg 2007/01/18 v1.5 color configuration of teTeX/TeXLive
)
Package color Info: Driver file: dvips.def on input line 143.

(/usr/share/texlive/texmf-dist/tex/latex/graphics/dvipsnam.def
File: dvipsnam.def 2015/12/30 v3.0k Driver-dependent file (DPC,SPQR)
)) (./paper.aux)
\openout1 = `paper.aux'.

LaTeX Font Info:    Checking defaults for OML/cmm/m/it on input line 450.
LaTeX Font Info:    ... okay on input line 450.
LaTeX Font Info:    Checking defaults for T1/cmr/m/n on input line 450.
LaTeX Font Info:    ... okay on input line 450.
LaTeX Font Info:    Checking defaults for OT1/cmr/m/n on input line 450.
LaTeX Font Info:    ... okay on input line 450.
LaTeX Font Info:    Checking defaults for OMS/cmsy/m/n on input line 450.
LaTeX Font Info:    ... okay on input line 450.
LaTeX Font Info:    Checking defaults for OMX/cmex/m/n on input line 450.
LaTeX Font Info:    ... okay on input line 450.
LaTeX Font Info:    Checking defaults for U/cmr/m/n on input line 450.
LaTeX Font Info:    ... okay on input line 450.
Package caption Info: Begin \AtBeginDocument code.
Package caption Info: subfig package v1.3 is loaded.
Package caption Info: End \AtBeginDocument code.
\c@lstlisting=\count127


LaTeX Warning: Reference `sec:AlternateBias1' on page 1 undefined on input line
 568.


LaTeX Warning: Reference `fig:SampleSwarm200-1' on page 1 undefined on input li
ne 587.


LaTeX Warning: Reference `tab:DynamicPhysics1' on page 1 undefined on input lin
e 588.

File: figures/SampleSwarm200-1.eps Graphic file (type eps)
<figures/SampleSwarm200-1.eps>
Overfull \hbox (146.33858pt too wide) in paragraph at lines 593--594
 [] 
 []


Overfull \hbox (92.34889pt too wide) in paragraph at lines 600--610
 [] 
 []


LaTeX Warning: Reference `coord:BaselineMagnitude1' on page 1 undefined on inpu
t line 614.


LaTeX Warning: Reference `coord:BaselineDistance1' on page 1 undefined on input
 line 614.


LaTeX Warning: Citation `NIM:09' on page 1 undefined on input line 614.

File: figures/BaselineMagnitude1.eps Graphic file (type eps)
<figures/BaselineMagnitude1.eps>
Overfull \hbox (146.33858pt too wide) in paragraph at lines 618--619
 [] 
 []


LaTeX Warning: Reference `coord:BaselineMagnitude1' on page 1 undefined on inpu
t line 623.

File: figures/BaselineDistance1.eps Graphic file (type eps)
<figures/BaselineDistance1.eps>
Overfull \hbox (146.33858pt too wide) in paragraph at lines 627--628
 [] 
 []

[1


]

LaTeX Warning: Reference `coord:BaselineDistance1' on page 2 undefined on input
 line 632.


LaTeX Warning: Reference `coord:BaselineDistance1' on page 2 undefined on input
 line 632.


LaTeX Warning: Reference `coord:SwarmPathBaseline1' on page 2 undefined on inpu
t line 634.

File: figures/SwarmPathBaseline.eps Graphic file (type eps)
<figures/SwarmPathBaseline.eps>
Overfull \hbox (146.33858pt too wide) in paragraph at lines 638--639
 [] 
 []


LaTeX Warning: Citation `SG:15' on page 2 undefined on input line 646.


LaTeX Warning: Citation `TG:12' on page 2 undefined on input line 646.


LaTeX Warning: Citation `BS:13' on page 2 undefined on input line 650.


LaTeX Warning: Reference `sec:Direction1' on page 2 undefined on input line 663
.

[2]

LaTeX Warning: Reference `chapter:methods' on page 3 undefined on input line 66
9.


LaTeX Warning: Citation `BS:13' on page 3 undefined on input line 676.


LaTeX Warning: Reference `eq:BotDirection1' on page 3 undefined on input line 6
76.


LaTeX Warning: Reference `reduced:Monolithic1' on page 3 undefined on input lin
e 678.

File: figures/Monolithic2.eps Graphic file (type eps)
<figures/Monolithic2.eps>

LaTeX Warning: Reference `reduced:BaselineAllAgentsMag1' on page 3 undefined on
 input line 688.


LaTeX Warning: Reference `reduced:BaselineAllAgentsDist1' on page 3 undefined o
n input line 688.

File: figures/BaselineAllAgentsMag1.eps Graphic file (type eps)
<figures/BaselineAllAgentsMag1.eps>
Overfull \hbox (146.33858pt too wide) in paragraph at lines 692--693
 [] 
 []


LaTeX Warning: Reference `reduced:BaselineAllAgentsMag1' on page 3 undefined on
 input line 697.


LaTeX Warning: Reference `reduced:BaselineAllAgentsMag1' on page 3 undefined on
 input line 697.

File: figures/BaselineAllAgentsDist1.eps Graphic file (type eps)
<figures/BaselineAllAgentsDist1.eps>
Overfull \hbox (146.33858pt too wide) in paragraph at lines 701--702
 [] 
 []


LaTeX Warning: Reference `reduced:BaselineAllAgentsDist1' on page 3 undefined o
n input line 706.


LaTeX Warning: Reference `reduced:ConicalPath' on page 3 undefined on input lin
e 708.

File: figures/ConicalPath.eps Graphic file (type eps)
<figures/ConicalPath.eps>

LaTeX Warning: Reference `reduced:BaselineAllAgentsMag2' on page 3 undefined on
 input line 717.


LaTeX Warning: Reference `reduced:BaselineAllAgentsDist2' on page 3 undefined o
n input line 717.

File: figures/BaselineAllAgentsMag2.eps Graphic file (type eps)
<figures/BaselineAllAgentsMag2.eps>
Overfull \hbox (146.33858pt too wide) in paragraph at lines 721--722
 [] 
 []

File: figures/BaselineAllAgentsDist2.eps Graphic file (type eps)
<figures/BaselineAllAgentsDist2.eps>
Overfull \hbox (146.33858pt too wide) in paragraph at lines 728--729
 [] 
 []

[3]

LaTeX Warning: Reference `eq:BotDirection1' on page 4 undefined on input line 7
34.


LaTeX Warning: Reference `sec:AlternateBias1' on page 4 undefined on input line
 734.


LaTeX Warning: Reference `reduced:EnergyReductionGPS' on page 4 undefined on in
put line 734.


LaTeX Warning: Reference `fig:StableForms' on page 4 undefined on input line 73
6.


LaTeX Warning: Reference `reduced:SimpleMulti12' on page 4 undefined on input l
ine 736.

[4]

LaTeX Warning: Reference `algo:neighbourDetect' on page 5 undefined on input li
ne 739.


! LaTeX Error: Environment algorithm undefined.

See the LaTeX manual or LaTeX Companion for explanation.
Type  H <return>  for immediate help.
 ...                                              
                                                  
l.741 \begin{algorithm}
                       
? X
 
Here is how much of TeX's memory you used:
 5597 strings out of 494954
 78365 string characters out of 6181003
 147267 words of memory out of 5000000
 8831 multiletter control sequences out of 15000+600000
 30801 words of font info for 76 fonts, out of 8000000 for 9000
 17 hyphenation exceptions out of 8191
 36i,11n,38p,1272b,295s stack positions out of 5000i,500n,10000p,200000b,80000s
Output written on paper.dvi (4 pages, 23340 bytes).
